<?xml version="1.0" encoding="UTF-8"?>
<testng-results ignored="0" total="5" passed="5" failed="0" skipped="0">
  <reporter-output>
  </reporter-output>
  <suite started-at="2024-09-04T00:22:31 IST" name="Suite" finished-at="2024-09-04T00:23:08 IST" duration-ms="36271">
    <groups>
      <group name="Error Validation">
        <method signature="ErrorValidation.ErrorValidationOnUserName()[pri:0, instance:SeleniumTestingSubeka.ECommerceE2E.ErrorValidation@769a1df5]" name="ErrorValidationOnUserName" class="SeleniumTestingSubeka.ECommerceE2E.ErrorValidation"/>
      </group> <!-- Error Validation -->
      <group name="End end Testing">
        <method signature="FirstTest.ECommerceTesting(java.util.HashMap)[pri:0, instance:SeleniumTestingSubeka.ECommerceE2E.FirstTest@1c742ed4]" name="ECommerceTesting" class="SeleniumTestingSubeka.ECommerceE2E.FirstTest"/>
      </group> <!-- End end Testing -->
    </groups>
    <test started-at="2024-09-04T00:22:31 IST" name="Error Validation" finished-at="2024-09-04T00:22:51 IST" duration-ms="19978">
      <class name="SeleniumTestingSubeka.ECommerceE2E.ErrorValidation">
        <test-method is-config="true" signature="launchTheApp()[pri:0, instance:SeleniumTestingSubeka.ECommerceE2E.ErrorValidation@769a1df5]" started-at="2024-09-04T00:22:31 IST" name="launchTheApp" finished-at="2024-09-04T00:22:38 IST" duration-ms="6035" status="PASS">
          <reporter-output>
          </reporter-output>
        </test-method> <!-- launchTheApp -->
        <test-method signature="ErrorValidationOnUserName()[pri:0, instance:SeleniumTestingSubeka.ECommerceE2E.ErrorValidation@769a1df5]" started-at="2024-09-04T00:22:38 IST" name="ErrorValidationOnUserName" finished-at="2024-09-04T00:22:38 IST" duration-ms="717" status="PASS">
          <reporter-output>
          </reporter-output>
        </test-method> <!-- ErrorValidationOnUserName -->
        <test-method is-config="true" signature="close()[pri:0, instance:SeleniumTestingSubeka.ECommerceE2E.ErrorValidation@769a1df5]" started-at="2024-09-04T00:22:38 IST" name="close" finished-at="2024-09-04T00:22:38 IST" duration-ms="182" status="PASS">
          <reporter-output>
          </reporter-output>
        </test-method> <!-- close -->
        <test-method is-config="true" signature="launchTheApp()[pri:0, instance:SeleniumTestingSubeka.ECommerceE2E.ErrorValidation@769a1df5]" started-at="2024-09-04T00:22:38 IST" name="launchTheApp" finished-at="2024-09-04T00:22:42 IST" duration-ms="3747" status="PASS">
          <reporter-output>
          </reporter-output>
        </test-method> <!-- launchTheApp -->
        <test-method signature="productErrorValidation()[pri:0, instance:SeleniumTestingSubeka.ECommerceE2E.ErrorValidation@769a1df5]" started-at="2024-09-04T00:22:42 IST" name="productErrorValidation" finished-at="2024-09-04T00:22:51 IST" duration-ms="9082" status="PASS">
          <reporter-output>
          </reporter-output>
        </test-method> <!-- productErrorValidation -->
        <test-method is-config="true" signature="close()[pri:0, instance:SeleniumTestingSubeka.ECommerceE2E.ErrorValidation@769a1df5]" started-at="2024-09-04T00:22:51 IST" name="close" finished-at="2024-09-04T00:22:51 IST" duration-ms="161" status="PASS">
          <reporter-output>
          </reporter-output>
        </test-method> <!-- close -->
      </class> <!-- SeleniumTestingSubeka.ECommerceE2E.ErrorValidation -->
    </test> <!-- Error Validation -->
    <test started-at="2024-09-04T00:22:31 IST" name="E2E Testing" finished-at="2024-09-04T00:23:08 IST" duration-ms="36271">
      <class name="SeleniumTestingSubeka.ECommerceE2E.FirstTest">
        <test-method is-config="true" signature="launchTheApp()[pri:0, instance:SeleniumTestingSubeka.ECommerceE2E.FirstTest@1c742ed4]" started-at="2024-09-04T00:22:32 IST" name="launchTheApp" finished-at="2024-09-04T00:22:34 IST" duration-ms="2292" status="PASS">
          <reporter-output>
          </reporter-output>
        </test-method> <!-- launchTheApp -->
        <test-method signature="ECommerceTesting(java.util.HashMap)[pri:0, instance:SeleniumTestingSubeka.ECommerceE2E.FirstTest@1c742ed4]" started-at="2024-09-04T00:22:34 IST" name="ECommerceTesting" data-provider="getdata" finished-at="2024-09-04T00:22:47 IST" duration-ms="13358" status="PASS">
          <params>
            <param index="0">
              <value>
                <![CDATA[{prodName=ZARA COAT 3, password=Chithra@subi8, email=subisubi8@gmail.com}]]>
              </value>
            </param>
          </params>
          <reporter-output>
          </reporter-output>
        </test-method> <!-- ECommerceTesting -->
        <test-method is-config="true" signature="close()[pri:0, instance:SeleniumTestingSubeka.ECommerceE2E.FirstTest@1c742ed4]" started-at="2024-09-04T00:22:47 IST" name="close" finished-at="2024-09-04T00:22:47 IST" duration-ms="101" status="PASS">
          <reporter-output>
          </reporter-output>
        </test-method> <!-- close -->
        <test-method is-config="true" signature="launchTheApp()[pri:0, instance:SeleniumTestingSubeka.ECommerceE2E.FirstTest@1c742ed4]" started-at="2024-09-04T00:22:47 IST" name="launchTheApp" finished-at="2024-09-04T00:22:51 IST" duration-ms="4018" status="PASS">
          <reporter-output>
          </reporter-output>
        </test-method> <!-- launchTheApp -->
        <test-method signature="ECommerceTesting(java.util.HashMap)[pri:0, instance:SeleniumTestingSubeka.ECommerceE2E.FirstTest@1c742ed4]" started-at="2024-09-04T00:22:51 IST" name="ECommerceTesting" data-provider="getdata" finished-at="2024-09-04T00:23:02 IST" duration-ms="10219" status="PASS">
          <params>
            <param index="0">
              <value>
                <![CDATA[{prodName=ADIDAS ORIGINAL, password=Chithra@subi8, email=subisubishivan8@gmail.com}]]>
              </value>
            </param>
          </params>
          <reporter-output>
          </reporter-output>
        </test-method> <!-- ECommerceTesting -->
        <test-method is-config="true" signature="close()[pri:0, instance:SeleniumTestingSubeka.ECommerceE2E.FirstTest@1c742ed4]" started-at="2024-09-04T00:23:02 IST" name="close" finished-at="2024-09-04T00:23:02 IST" duration-ms="142" status="PASS">
          <reporter-output>
          </reporter-output>
        </test-method> <!-- close -->
        <test-method is-config="true" signature="launchTheApp()[pri:0, instance:SeleniumTestingSubeka.ECommerceE2E.FirstTest@1c742ed4]" started-at="2024-09-04T00:23:02 IST" name="launchTheApp" finished-at="2024-09-04T00:23:07 IST" duration-ms="4709" status="PASS">
          <reporter-output>
          </reporter-output>
        </test-method> <!-- launchTheApp -->
        <test-method signature="orderCheckListValidation()[pri:0, instance:SeleniumTestingSubeka.ECommerceE2E.FirstTest@1c742ed4]" started-at="2024-09-04T00:23:07 IST" name="orderCheckListValidation" finished-at="2024-09-04T00:23:08 IST" depends-on-methods="SeleniumTestingSubeka.ECommerceE2E.FirstTest.ECommerceTesting" duration-ms="1039" status="PASS">
          <reporter-output>
          </reporter-output>
        </test-method> <!-- orderCheckListValidation -->
        <test-method is-config="true" signature="close()[pri:0, instance:SeleniumTestingSubeka.ECommerceE2E.FirstTest@1c742ed4]" started-at="2024-09-04T00:23:08 IST" name="close" finished-at="2024-09-04T00:23:08 IST" duration-ms="133" status="PASS">
          <reporter-output>
          </reporter-output>
        </test-method> <!-- close -->
      </class> <!-- SeleniumTestingSubeka.ECommerceE2E.FirstTest -->
    </test> <!-- E2E Testing -->
  </suite> <!-- Suite -->
</testng-results>
